iMPACT Version: 10.1

iMPACT log file Started on Sun Nov 23 21:14:40 2008

// *** BATCH CMD : setMode -bs
// *** BATCH CMD : setMode -bs
GUI --- Auto connect to cable...
// *** BATCH CMD : setCable -port auto
AutoDetecting cable. Please wait.
PROGRESS_START - Starting Operation.
Connecting to cable (Parallel Port - LPT1).
Checking cable driver.
 Driver windrvr6.sys version = 8.1.1.0. WinDriver v8.11 Jungo (c) 1997 - 2006 Build Date: Oct 16 2006 X86 32bit SYS12:35:07, version = 811.
 LPT base address = 0378h.
 ECP base address = 0778h.
Cable connection established.
PROGRESS_END - End Operation.
Elapsed time =      1 sec.
Attempting to identify devices in the boundary-scan chain configuration...// *** BATCH CMD : Identify 
PROGRESS_START - Starting Operation.
Identifying chain contents ....'1': : Manufacturer's ID =Xilinx xcf04s, Version : 15
INFO:iMPACT:1777 - 
   Reading C:/Xilinx/10.1/ISE/xcf/data/xcf04s.bsd...
INFO:iMPACT:501 - '1': Added Device xcf04s successfully.
----------------------------------------------------------------------
----------------------------------------------------------------------
'2': : Manufacturer's ID =Xilinx xc3s1000, Version : 1
INFO:iMPACT:1777 - 
   Reading C:/Xilinx/10.1/ISE/spartan3/data/xc3s1000.bsd...
INFO:iMPACT:501 - '1': Added Device xc3s1000 successfully.
----------------------------------------------------------------------
----------------------------------------------------------------------
done.
PROGRESS_END - End Operation.
Elapsed time =      1 sec.
// *** BATCH CMD : identifyMPM 
// *** BATCH CMD : assignFile -p 1 -file"X:/Display_Controller/display_controller.bit"
'1': Loading file 'X:/Display_Controller/display_controller.bit' ...
done.
To ensure safe and reliable configuration, please re-generate the bitfile withthe Persist option set to 'No'.
----------------------------------------------------------------------
INFO:iMPACT:501 - '1': Added Device xc3s1000 successfully.
----------------------------------------------------------------------
----------------------------------------------------------------------
// *** BATCH CMD : cutDevice -p 1
----------------------------------------------------------------------
// *** BATCH CMD : pasteDevice -p 1
INFO:iMPACT:1111 - Can't locate bsdl file xc3s1000_bare.bsd.
INFO:iMPACT:501 - '1': Added Device XC3S1000_BARE successfully.
----------------------------------------------------------------------
// *** BATCH CMD : Program -p 1 
Maximum TCK operating frequency for this device chain: 0.
Validating chain...
Boundary-scan chain validated successfully.
'1': Programming device...
PROGRESS_START - Starting Operation.
 Match_cycle = NoWait.
Match cycle: NoWait
done.
'1': Reading status register contents...
CRC error                                         :         0
RESERVED                                          :         0
DCM locked                                        :         1
DCI Matched                                       :         1
legacy input error                                :         0
status of GTS_CFG_B                               :         1
status of GWE                                     :         1
status of GHIGH                                   :         1
value of MODE pin M0                              :         0
value of MODE pin M1                              :         0
value of MODE pin M2                              :         0
value of CFG_RDY (INIT_B)                         :         1
DONEIN input from DONE pin                        :         1
ID_ERROR                                          :         0
RESERVED                                          :         0
RESERVED                                          :         0
INFO:iMPACT:2219 - Status register values:
INFO:iMPACT - 0011 0111 0001 1000 0000 0000 0000 0000 
INFO:iMPACT:579 - '1': Completed downloading bit file to device.
 Match_cycle = NoWait.
Match cycle: NoWait
INFO:iMPACT - '1': Checking done pin....done.
'1': Programmed successfully.
PROGRESS_END - End Operation.
Elapsed time =     15 sec.
// *** BATCH CMD : setMode -bs
// *** BATCH CMD : deleteDevice -position 1
----------------------------------------------------------------------
// *** BATCH CMD : deleteDevice -position 1
// *** BATCH CMD : setMode -ss
// *** BATCH CMD : setMode -sm
// *** BATCH CMD : setMode -hw140
// *** BATCH CMD : setMode -spi
// *** BATCH CMD : setMode -acecf
// *** BATCH CMD : setMode -acempm
// *** BATCH CMD : setMode -pff
// *** BATCH CMD : setMode -bs
