Release 10.1 Map K.31 (nt)
Xilinx Mapping Report File for Design 'Display_Controller'

Design Information
------------------
Command Line   : map -ise X:/Display_Controller/Display_Controller.ise -intstyle
ise -p xc3s1000-ft256-4 -cm area -pr off -k 4 -c 100 -o
Display_Controller_map.ncd Display_Controller.ngd Display_Controller.pcf 
Target Device  : xc3s1000
Target Package : ft256
Target Speed   : -4
Mapper Version : spartan3 -- $Revision: 1.1.1.1 $
Mapped Date    : Sun Nov 23 21:12:37 2008

Design Summary
--------------
Number of errors:      0
Number of warnings:    1
Logic Utilization:
  Total Number Slice Registers:         267 out of  15,360    1%
    Number used as Flip Flops:          266
    Number used as Latches:               1
  Number of 4 input LUTs:               248 out of  15,360    1%
Logic Distribution:
  Number of occupied Slices:            235 out of   7,680    3%
    Number of Slices containing only related logic:     235 out of     235 100%
    Number of Slices containing unrelated logic:          0 out of     235   0%
      *See NOTES below for an explanation of the effects of unrelated logic.
  Total Number of 4 input LUTs:         311 out of  15,360    2%
    Number used as logic:               248
    Number used as a route-thru:         63
  Number of bonded IOBs:                 44 out of     173   25%
  Number of RAMB16s:                     15 out of      24   62%
  Number of BUFGMUXs:                     3 out of       8   37%

Peak Memory Usage:  139 MB
Total REAL time to MAP completion:  13 secs 
Total CPU time to MAP completion:   2 secs 

NOTES:

   Related logic is defined as being logic that shares connectivity - e.g. two
   LUTs are "related" if they share common inputs.  When assembling slices,
   Map gives priority to combine logic that is related.  Doing so results in
   the best timing performance.

   Unrelated logic shares no connectivity.  Map will only begin packing
   unrelated logic into a slice once 99% of the slices are occupied through
   related logic packing.

   Note that once logic distribution reaches the 99% level through related
   logic packing, this does not mean the device is completely utilized.
   Unrelated logic packing will then begin, continuing until all usable LUTs
   and FFs are occupied.  Depending on your timing budget, increased levels of
   unrelated logic packing may adversely affect the overall timing performance
   of your design.

Table of Contents
-----------------
Section 1 - Errors
Section 2 - Warnings
Section 3 - Informational
Section 4 - Removed Logic Summary
Section 5 - Removed Logic
Section 6 - IOB Properties
Section 7 - RPMs
Section 8 - Guide Report
Section 9 - Area Group and Partition Summary
Section 10 - Modular Design Summary
Section 11 - Timing Report
Section 12 - Configuration String Information
Section 13 - Control Set Information
Section 14 - Utilization by Hierarchy

Section 1 - Errors
------------------

Section 2 - Warnings
--------------------
WARNING:LIT:243 - Logical network fifo1/dout<15> has no load.

Section 3 - Informational
-------------------------
INFO:MapLib:562 - No environment variables are currently set.
INFO:MapLib:986 - The SAVE constraint for nets has been made more strict
   starting in 10.1, such that the net driver and load blocks will be preserved
   as well. To revert to the original behavior please set XIL_MAP_OLD_SAVE.
INFO:MapLib:984 - SAVE has been detected on the following signal(s):
   reset,
   clk.
INFO:LIT:244 - All of the single ended outputs in this design are using slew
   rate limited output drivers. The delay on speed critical single ended outputs
   can be dramatically reduced by designating them as fast outputs.

Section 4 - Removed Logic Summary
---------------------------------
   9 block(s) removed
   4 block(s) optimized away
  15 signal(s) removed

Section 5 - Removed Logic
-------------------------

The trimmed logic report below shows the logic removed from your design due to
sourceless or loadless signals, and VCC or ground connections.  If the removal
of a signal or symbol results in the subsequent removal of an additional signal
or symbol, the message explaining that second removal will be indented.  This
indentation will be repeated as a chain of related logic is removed.

To quickly locate the original cause for the removal of a chain of logic, look
above the place where that logic is listed in the trimming report, then locate
the lines that are least indented (begin at the leftmost edge).

The signal "fifo1/dout<15>" is sourceless and has been removed.
The signal
"fifo1/BU2/U0/grf.rf/mem/gbm.gbmg.gbmga.ngecc.bmg/blk_mem_generator/valid.cstr/r
am_doutb12<8>" is sourceless and has been removed.
 Sourceless block
"fifo1/BU2/U0/grf.rf/mem/gbm.gbmg.gbmga.ngecc.bmg/blk_mem_generator/valid.cstr/h
as_mux_b.B/Mmux_dout_mux_45" (ROM) removed.
  The signal
"fifo1/BU2/U0/grf.rf/mem/gbm.gbmg.gbmga.ngecc.bmg/blk_mem_generator/valid.cstr/h
as_mux_b.B/Mmux_dout_mux_45" is sourceless and has been removed.
   Sourceless block
"fifo1/BU2/U0/grf.rf/mem/gbm.gbmg.gbmga.ngecc.bmg/blk_mem_generator/valid.cstr/h
as_mux_b.B/Mmux_dout_mux_3_f5_4" (MUX) removed.
    The signal
"fifo1/BU2/U0/grf.rf/mem/gbm.gbmg.gbmga.ngecc.bmg/blk_mem_generator/valid.cstr/h
as_mux_b.B/Mmux_dout_mux_3_f55" is sourceless and has been removed.
     Sourceless block
"fifo1/BU2/U0/grf.rf/mem/gbm.gbmg.gbmga.ngecc.bmg/blk_mem_generator/valid.cstr/h
as_mux_b.B/Mmux_dout_mux_2_f6_4" (MUX) removed.
The signal
"fifo1/BU2/U0/grf.rf/mem/gbm.gbmg.gbmga.ngecc.bmg/blk_mem_generator/valid.cstr/r
am_doutb13<8>" is sourceless and has been removed.
The signal
"fifo1/BU2/U0/grf.rf/mem/gbm.gbmg.gbmga.ngecc.bmg/blk_mem_generator/valid.cstr/r
am_doutb10<8>" is sourceless and has been removed.
 Sourceless block
"fifo1/BU2/U0/grf.rf/mem/gbm.gbmg.gbmga.ngecc.bmg/blk_mem_generator/valid.cstr/h
as_mux_b.B/Mmux_dout_mux_510" (ROM) removed.
  The signal
"fifo1/BU2/U0/grf.rf/mem/gbm.gbmg.gbmga.ngecc.bmg/blk_mem_generator/valid.cstr/h
as_mux_b.B/Mmux_dout_mux_510" is sourceless and has been removed.
The signal
"fifo1/BU2/U0/grf.rf/mem/gbm.gbmg.gbmga.ngecc.bmg/blk_mem_generator/valid.cstr/r
am_doutb11<8>" is sourceless and has been removed.
The signal
"fifo1/BU2/U0/grf.rf/mem/gbm.gbmg.gbmga.ngecc.bmg/blk_mem_generator/valid.cstr/r
am_doutb8<8>" is sourceless and has been removed.
 Sourceless block
"fifo1/BU2/U0/grf.rf/mem/gbm.gbmg.gbmga.ngecc.bmg/blk_mem_generator/valid.cstr/h
as_mux_b.B/Mmux_dout_mux_511" (ROM) removed.
  The signal
"fifo1/BU2/U0/grf.rf/mem/gbm.gbmg.gbmga.ngecc.bmg/blk_mem_generator/valid.cstr/h
as_mux_b.B/Mmux_dout_mux_511" is sourceless and has been removed.
   Sourceless block
"fifo1/BU2/U0/grf.rf/mem/gbm.gbmg.gbmga.ngecc.bmg/blk_mem_generator/valid.cstr/h
as_mux_b.B/Mmux_dout_mux_4_f5_4" (MUX) removed.
    The signal
"fifo1/BU2/U0/grf.rf/mem/gbm.gbmg.gbmga.ngecc.bmg/blk_mem_generator/valid.cstr/h
as_mux_b.B/Mmux_dout_mux_4_f55" is sourceless and has been removed.
The signal
"fifo1/BU2/U0/grf.rf/mem/gbm.gbmg.gbmga.ngecc.bmg/blk_mem_generator/valid.cstr/r
am_doutb9<8>" is sourceless and has been removed.
The signal
"fifo1/BU2/U0/grf.rf/mem/gbm.gbmg.gbmga.ngecc.bmg/blk_mem_generator/valid.cstr/r
am_doutb6<8>" is sourceless and has been removed.
 Sourceless block
"fifo1/BU2/U0/grf.rf/mem/gbm.gbmg.gbmga.ngecc.bmg/blk_mem_generator/valid.cstr/h
as_mux_b.B/Mmux_dout_mux_65" (ROM) removed.
  The signal
"fifo1/BU2/U0/grf.rf/mem/gbm.gbmg.gbmga.ngecc.bmg/blk_mem_generator/valid.cstr/h
as_mux_b.B/Mmux_dout_mux_65" is sourceless and has been removed.
The signal
"fifo1/BU2/U0/grf.rf/mem/gbm.gbmg.gbmga.ngecc.bmg/blk_mem_generator/valid.cstr/r
am_doutb7<8>" is sourceless and has been removed.
Unused block "fifo1/GND" (ZERO) removed.
Unused block "fifo1/VCC" (ONE) removed.

Optimized Block(s):
TYPE 		BLOCK
GND 		XST_GND
VCC 		XST_VCC
GND 		fifo1/BU2/XST_GND
VCC 		fifo1/BU2/XST_VCC

To enable printing of redundant blocks removed and signals merged, set the
detailed map report option and rerun map.

Section 6 - IOB Properties
--------------------------

+----------------------------------------------------------------------------------------------------------------------------------------+
| IOB Name                           | Type             | Direction | IO Standard | Drive    | Slew | Reg (s)      | Resistor | IOB      |
|                                    |                  |           |             | Strength | Rate |              |          | Delay    |
+----------------------------------------------------------------------------------------------------------------------------------------+
| addr<0>                            | IOB              | OUTPUT    | LVCMOS25    | 12       | SLOW |              |          |          |
| addr<1>                            | IOB              | OUTPUT    | LVCMOS25    | 12       | SLOW |              |          |          |
| addr<2>                            | IOB              | OUTPUT    | LVCMOS25    | 12       | SLOW |              |          |          |
| addr<3>                            | IOB              | OUTPUT    | LVCMOS25    | 12       | SLOW |              |          |          |
| addr<4>                            | IOB              | OUTPUT    | LVCMOS25    | 12       | SLOW |              |          |          |
| addr<5>                            | IOB              | OUTPUT    | LVCMOS25    | 12       | SLOW |              |          |          |
| addr<6>                            | IOB              | OUTPUT    | LVCMOS25    | 12       | SLOW |              |          |          |
| addr<7>                            | IOB              | OUTPUT    | LVCMOS25    | 12       | SLOW |              |          |          |
| addr<8>                            | IOB              | OUTPUT    | LVCMOS25    | 12       | SLOW |              |          |          |
| addr<9>                            | IOB              | OUTPUT    | LVCMOS25    | 12       | SLOW |              |          |          |
| addr<10>                           | IOB              | OUTPUT    | LVCMOS25    | 12       | SLOW |              |          |          |
| addr<11>                           | IOB              | OUTPUT    | LVCMOS25    | 12       | SLOW |              |          |          |
| addr<12>                           | IOB              | OUTPUT    | LVCMOS25    | 12       | SLOW |              |          |          |
| addr<13>                           | IOB              | OUTPUT    | LVCMOS25    | 12       | SLOW |              |          |          |
| addr<14>                           | IOB              | OUTPUT    | LVCMOS25    | 12       | SLOW |              |          |          |
| addr<15>                           | IOB              | OUTPUT    | LVCMOS25    | 12       | SLOW |              |          |          |
| blue_out                           | IOB              | OUTPUT    | LVCMOS25    | 12       | SLOW |              |          |          |
| chip_enable                        | IOB              | OUTPUT    | LVCMOS25    | 12       | SLOW |              |          |          |
| clk                                | IOB              | INPUT     | LVCMOS25    |          |      |              |          |          |
| fifo_empty                         | IOB              | OUTPUT    | LVCMOS25    | 12       | SLOW |              |          |          |
| fifo_full                          | IOB              | OUTPUT    | LVCMOS25    | 12       | SLOW |              |          |          |
| green_out                          | IOB              | OUTPUT    | LVCMOS25    | 12       | SLOW |              |          |          |
| h_sync                             | IOB              | OUTPUT    | LVCMOS25    | 12       | SLOW |              |          |          |
| pixel_color<0>                     | IOB              | OUTPUT    | LVCMOS25    | 12       | SLOW |              |          |          |
| pixel_color<1>                     | IOB              | OUTPUT    | LVCMOS25    | 12       | SLOW |              |          |          |
| pixel_color<2>                     | IOB              | OUTPUT    | LVCMOS25    | 12       | SLOW |              |          |          |
| pixel_color<3>                     | IOB              | OUTPUT    | LVCMOS25    | 12       | SLOW |              |          |          |
| pixel_color<4>                     | IOB              | OUTPUT    | LVCMOS25    | 12       | SLOW |              |          |          |
| pixel_color<5>                     | IOB              | OUTPUT    | LVCMOS25    | 12       | SLOW |              |          |          |
| pixel_color<6>                     | IOB              | OUTPUT    | LVCMOS25    | 12       | SLOW |              |          |          |
| pixel_color<7>                     | IOB              | OUTPUT    | LVCMOS25    | 12       | SLOW |              |          |          |
| pixel_color<8>                     | IOB              | OUTPUT    | LVCMOS25    | 12       | SLOW |              |          |          |
| pixel_color<9>                     | IOB              | OUTPUT    | LVCMOS25    | 12       | SLOW |              |          |          |
| pixel_color<10>                    | IOB              | OUTPUT    | LVCMOS25    | 12       | SLOW |              |          |          |
| pixel_color<11>                    | IOB              | OUTPUT    | LVCMOS25    | 12       | SLOW |              |          |          |
| pixel_color<12>                    | IOB              | OUTPUT    | LVCMOS25    | 12       | SLOW |              |          |          |
| pixel_color<13>                    | IOB              | OUTPUT    | LVCMOS25    | 12       | SLOW |              |          |          |
| pixel_color<14>                    | IOB              | OUTPUT    | LVCMOS25    | 12       | SLOW |              |          |          |
| pixel_color<15>                    | IOB              | OUTPUT    | LVCMOS25    | 12       | SLOW |              |          |          |
| read_memory                        | IOB              | OUTPUT    | LVCMOS25    | 12       | SLOW |              |          |          |
| red_out                            | IOB              | OUTPUT    | LVCMOS25    | 12       | SLOW |              |          |          |
| reset                              | IOB              | INPUT     | LVCMOS25    |          |      |              |          |          |
| v_sync                             | IOB              | OUTPUT    | LVCMOS25    | 12       | SLOW |              |          |          |
| write_memory                       | IOB              | OUTPUT    | LVCMOS25    | 12       | SLOW |              |          |          |
+----------------------------------------------------------------------------------------------------------------------------------------+

Section 7 - RPMs
----------------

Section 8 - Guide Report
------------------------
Guide not run on this design.

Section 9 - Area Group and Partition Summary
--------------------------------------------

Partition Implementation Status
-------------------------------

  No Partitions were found in this design.

-------------------------------

Area Group Information
----------------------

  No area groups were found in this design.

----------------------

Section 10 - Modular Design Summary
-----------------------------------
Modular Design not used for this design.

Section 11 - Timing Report
--------------------------
This design was not run using timing mode.

Section 12 - Configuration String Details
-----------------------------------------
Use the "-detail" map option to print out Configuration Strings

Section 13 - Control Set Information
------------------------------------
No control set information for this architecture.

Section 14 - Utilization by Hierarchy
-------------------------------------
+---------------------------------------------------------------------------------------------------------------------------------------------------------------------------------------------------------------------------------------------------------------------------------------+
| Module                         | Partition | Slices        | Slice Reg     | LUTs          | LUTRAM        | BRAM      | MULT18X18 | BUFG  | DCM   | Full Hierarchical Name                                                                                                           |
+---------------------------------------------------------------------------------------------------------------------------------------------------------------------------------------------------------------------------------------------------------------------------------------+
| Display_Controller/            |           | 55/301        | 0/267         | 66/311        | 0/0           | 0/15      | 0/0       | 1/3   | 0/0   | Display_Controller                                                                                                               |
| +add1                          |           | 12/12         | 16/16         | 6/6           | 0/0           | 0/0       | 0/0       | 0/0   | 0/0   | Display_Controller/add1                                                                                                          |
| +clk1                          |           | 3/3           | 3/3           | 3/3           | 0/0           | 0/0       | 0/0       | 1/1   | 0/0   | Display_Controller/clk1                                                                                                          |
| +clk2                          |           | 4/4           | 5/5           | 5/5           | 0/0           | 0/0       | 0/0       | 1/1   | 0/0   | Display_Controller/clk2                                                                                                          |
| +clk3                          |           | 5/5           | 6/6           | 5/5           | 0/0           | 0/0       | 0/0       | 0/0   | 0/0   | Display_Controller/clk3                                                                                                          |
| +fifo1                         |           | 0/164         | 0/200         | 0/157         | 0/0           | 0/15      | 0/0       | 0/0   | 0/0   | Display_Controller/fifo1                                                                                                         |
| ++BU2                          |           | 0/164         | 0/200         | 0/157         | 0/0           | 0/15      | 0/0       | 0/0   | 0/0   | Display_Controller/fifo1/BU2                                                                                                     |
| +++U0                          |           | 0/164         | 0/200         | 0/157         | 0/0           | 0/15      | 0/0       | 0/0   | 0/0   | Display_Controller/fifo1/BU2/U0                                                                                                  |
| ++++grf.rf                     |           | 0/164         | 0/200         | 0/157         | 0/0           | 0/15      | 0/0       | 0/0   | 0/0   | Display_Controller/fifo1/BU2/U0/grf.rf                                                                                           |
| +++++gcx.clkx                  |           | 68/68         | 112/112       | 74/74         | 0/0           | 0/0       | 0/0       | 0/0   | 0/0   | Display_Controller/fifo1/BU2/U0/grf.rf/gcx.clkx                                                                                  |
| +++++gl0.rd                    |           | 1/25          | 0/30          | 1/16          | 0/0           | 0/0       | 0/0       | 0/0   | 0/0   | Display_Controller/fifo1/BU2/U0/grf.rf/gl0.rd                                                                                    |
| ++++++gras.rsts                |           | 2/10          | 2/2           | 1/15          | 0/0           | 0/0       | 0/0       | 0/0   | 0/0   | Display_Controller/fifo1/BU2/U0/grf.rf/gl0.rd/gras.rsts                                                                          |
| +++++++c0                      |           | 4/4           | 0/0           | 7/7           | 0/0           | 0/0       | 0/0       | 0/0   | 0/0   | Display_Controller/fifo1/BU2/U0/grf.rf/gl0.rd/gras.rsts/c0                                                                       |
| +++++++c1                      |           | 4/4           | 0/0           | 7/7           | 0/0           | 0/0       | 0/0       | 0/0   | 0/0   | Display_Controller/fifo1/BU2/U0/grf.rf/gl0.rd/gras.rsts/c1                                                                       |
| ++++++rpntr                    |           | 14/14         | 28/28         | 0/0           | 0/0           | 0/0       | 0/0       | 0/0   | 0/0   | Display_Controller/fifo1/BU2/U0/grf.rf/gl0.rd/rpntr                                                                              |
| +++++gl0.wr                    |           | 1/32          | 0/44          | 1/16          | 0/0           | 0/0       | 0/0       | 0/0   | 0/0   | Display_Controller/fifo1/BU2/U0/grf.rf/gl0.wr                                                                                    |
| ++++++gwas.wsts                |           | 2/10          | 2/2           | 1/15          | 0/0           | 0/0       | 0/0       | 0/0   | 0/0   | Display_Controller/fifo1/BU2/U0/grf.rf/gl0.wr/gwas.wsts                                                                          |
| +++++++c1                      |           | 4/4           | 0/0           | 7/7           | 0/0           | 0/0       | 0/0       | 0/0   | 0/0   | Display_Controller/fifo1/BU2/U0/grf.rf/gl0.wr/gwas.wsts/c1                                                                       |
| +++++++c2                      |           | 4/4           | 0/0           | 7/7           | 0/0           | 0/0       | 0/0       | 0/0   | 0/0   | Display_Controller/fifo1/BU2/U0/grf.rf/gl0.wr/gwas.wsts/c2                                                                       |
| ++++++wpntr                    |           | 21/21         | 42/42         | 0/0           | 0/0           | 0/0       | 0/0       | 0/0   | 0/0   | Display_Controller/fifo1/BU2/U0/grf.rf/gl0.wr/wpntr                                                                              |
| +++++mem                       |           | 1/30          | 0/3           | 1/49          | 0/0           | 0/15      | 0/0       | 0/0   | 0/0   | Display_Controller/fifo1/BU2/U0/grf.rf/mem                                                                                       |
| ++++++gbm.gbmg.gbmga.ngecc.bmg |           | 0/29          | 0/3           | 0/48          | 0/0           | 0/15      | 0/0       | 0/0   | 0/0   | Display_Controller/fifo1/BU2/U0/grf.rf/mem/gbm.gbmg.gbmga.ngecc.bmg                                                              |
| +++++++blk_mem_generator       |           | 0/29          | 0/3           | 0/48          | 0/0           | 0/15      | 0/0       | 0/0   | 0/0   | Display_Controller/fifo1/BU2/U0/grf.rf/mem/gbm.gbmg.gbmga.ngecc.bmg/blk_mem_generator                                            |
| ++++++++valid.cstr             |           | 0/29          | 0/3           | 0/48          | 0/0           | 0/15      | 0/0       | 0/0   | 0/0   | Display_Controller/fifo1/BU2/U0/grf.rf/mem/gbm.gbmg.gbmga.ngecc.bmg/blk_mem_generator/valid.cstr                                 |
| +++++++++bindec_a.bindec_inst_ |           | 5/5           | 0/0           | 8/8           | 0/0           | 0/0       | 0/0       | 0/0   | 0/0   | Display_Controller/fifo1/BU2/U0/grf.rf/mem/gbm.gbmg.gbmga.ngecc.bmg/blk_mem_generator/valid.cstr/bindec_a.bindec_inst_a          |
| +++++++++bindec_b.bindec_inst_ |           | 6/6           | 0/0           | 8/8           | 0/0           | 0/0       | 0/0       | 0/0   | 0/0   | Display_Controller/fifo1/BU2/U0/grf.rf/mem/gbm.gbmg.gbmga.ngecc.bmg/blk_mem_generator/valid.cstr/bindec_b.bindec_inst_b          |
| +++++++++has_mux_b.B           |           | 18/18         | 3/3           | 32/32         | 0/0           | 0/0       | 0/0       | 0/0   | 0/0   | Display_Controller/fifo1/BU2/U0/grf.rf/mem/gbm.gbmg.gbmga.ngecc.bmg/blk_mem_generator/valid.cstr/has_mux_b.B                     |
| +++++++++ramloop[0].ram.r      |           | 0/0           | 0/0           | 0/0           | 0/0           | 0/1       | 0/0       | 0/0   | 0/0   | Display_Controller/fifo1/BU2/U0/grf.rf/mem/gbm.gbmg.gbmga.ngecc.bmg/blk_mem_generator/valid.cstr/ramloop[0].ram.r                |
| ++++++++++v2_noinit.ram        |           | 0/0           | 0/0           | 0/0           | 0/0           | 1/1       | 0/0       | 0/0   | 0/0   | Display_Controller/fifo1/BU2/U0/grf.rf/mem/gbm.gbmg.gbmga.ngecc.bmg/blk_mem_generator/valid.cstr/ramloop[0].ram.r/v2_noinit.ram  |
| +++++++++ramloop[10].ram.r     |           | 0/0           | 0/0           | 0/0           | 0/0           | 0/1       | 0/0       | 0/0   | 0/0   | Display_Controller/fifo1/BU2/U0/grf.rf/mem/gbm.gbmg.gbmga.ngecc.bmg/blk_mem_generator/valid.cstr/ramloop[10].ram.r               |
| ++++++++++v2_noinit.ram        |           | 0/0           | 0/0           | 0/0           | 0/0           | 1/1       | 0/0       | 0/0   | 0/0   | Display_Controller/fifo1/BU2/U0/grf.rf/mem/gbm.gbmg.gbmga.ngecc.bmg/blk_mem_generator/valid.cstr/ramloop[10].ram.r/v2_noinit.ram |
| +++++++++ramloop[11].ram.r     |           | 0/0           | 0/0           | 0/0           | 0/0           | 0/1       | 0/0       | 0/0   | 0/0   | Display_Controller/fifo1/BU2/U0/grf.rf/mem/gbm.gbmg.gbmga.ngecc.bmg/blk_mem_generator/valid.cstr/ramloop[11].ram.r               |
| ++++++++++v2_noinit.ram        |           | 0/0           | 0/0           | 0/0           | 0/0           | 1/1       | 0/0       | 0/0   | 0/0   | Display_Controller/fifo1/BU2/U0/grf.rf/mem/gbm.gbmg.gbmga.ngecc.bmg/blk_mem_generator/valid.cstr/ramloop[11].ram.r/v2_noinit.ram |
| +++++++++ramloop[12].ram.r     |           | 0/0           | 0/0           | 0/0           | 0/0           | 0/1       | 0/0       | 0/0   | 0/0   | Display_Controller/fifo1/BU2/U0/grf.rf/mem/gbm.gbmg.gbmga.ngecc.bmg/blk_mem_generator/valid.cstr/ramloop[12].ram.r               |
| ++++++++++v2_noinit.ram        |           | 0/0           | 0/0           | 0/0           | 0/0           | 1/1       | 0/0       | 0/0   | 0/0   | Display_Controller/fifo1/BU2/U0/grf.rf/mem/gbm.gbmg.gbmga.ngecc.bmg/blk_mem_generator/valid.cstr/ramloop[12].ram.r/v2_noinit.ram |
| +++++++++ramloop[13].ram.r     |           | 0/0           | 0/0           | 0/0           | 0/0           | 0/1       | 0/0       | 0/0   | 0/0   | Display_Controller/fifo1/BU2/U0/grf.rf/mem/gbm.gbmg.gbmga.ngecc.bmg/blk_mem_generator/valid.cstr/ramloop[13].ram.r               |
| ++++++++++v2_noinit.ram        |           | 0/0           | 0/0           | 0/0           | 0/0           | 1/1       | 0/0       | 0/0   | 0/0   | Display_Controller/fifo1/BU2/U0/grf.rf/mem/gbm.gbmg.gbmga.ngecc.bmg/blk_mem_generator/valid.cstr/ramloop[13].ram.r/v2_noinit.ram |
| +++++++++ramloop[14].ram.r     |           | 0/0           | 0/0           | 0/0           | 0/0           | 0/1       | 0/0       | 0/0   | 0/0   | Display_Controller/fifo1/BU2/U0/grf.rf/mem/gbm.gbmg.gbmga.ngecc.bmg/blk_mem_generator/valid.cstr/ramloop[14].ram.r               |
| ++++++++++v2_noinit.ram        |           | 0/0           | 0/0           | 0/0           | 0/0           | 1/1       | 0/0       | 0/0   | 0/0   | Display_Controller/fifo1/BU2/U0/grf.rf/mem/gbm.gbmg.gbmga.ngecc.bmg/blk_mem_generator/valid.cstr/ramloop[14].ram.r/v2_noinit.ram |
| +++++++++ramloop[1].ram.r      |           | 0/0           | 0/0           | 0/0           | 0/0           | 0/1       | 0/0       | 0/0   | 0/0   | Display_Controller/fifo1/BU2/U0/grf.rf/mem/gbm.gbmg.gbmga.ngecc.bmg/blk_mem_generator/valid.cstr/ramloop[1].ram.r                |
| ++++++++++v2_noinit.ram        |           | 0/0           | 0/0           | 0/0           | 0/0           | 1/1       | 0/0       | 0/0   | 0/0   | Display_Controller/fifo1/BU2/U0/grf.rf/mem/gbm.gbmg.gbmga.ngecc.bmg/blk_mem_generator/valid.cstr/ramloop[1].ram.r/v2_noinit.ram  |
| +++++++++ramloop[2].ram.r      |           | 0/0           | 0/0           | 0/0           | 0/0           | 0/1       | 0/0       | 0/0   | 0/0   | Display_Controller/fifo1/BU2/U0/grf.rf/mem/gbm.gbmg.gbmga.ngecc.bmg/blk_mem_generator/valid.cstr/ramloop[2].ram.r                |
| ++++++++++v2_noinit.ram        |           | 0/0           | 0/0           | 0/0           | 0/0           | 1/1       | 0/0       | 0/0   | 0/0   | Display_Controller/fifo1/BU2/U0/grf.rf/mem/gbm.gbmg.gbmga.ngecc.bmg/blk_mem_generator/valid.cstr/ramloop[2].ram.r/v2_noinit.ram  |
| +++++++++ramloop[3].ram.r      |           | 0/0           | 0/0           | 0/0           | 0/0           | 0/1       | 0/0       | 0/0   | 0/0   | Display_Controller/fifo1/BU2/U0/grf.rf/mem/gbm.gbmg.gbmga.ngecc.bmg/blk_mem_generator/valid.cstr/ramloop[3].ram.r                |
| ++++++++++v2_noinit.ram        |           | 0/0           | 0/0           | 0/0           | 0/0           | 1/1       | 0/0       | 0/0   | 0/0   | Display_Controller/fifo1/BU2/U0/grf.rf/mem/gbm.gbmg.gbmga.ngecc.bmg/blk_mem_generator/valid.cstr/ramloop[3].ram.r/v2_noinit.ram  |
| +++++++++ramloop[4].ram.r      |           | 0/0           | 0/0           | 0/0           | 0/0           | 0/1       | 0/0       | 0/0   | 0/0   | Display_Controller/fifo1/BU2/U0/grf.rf/mem/gbm.gbmg.gbmga.ngecc.bmg/blk_mem_generator/valid.cstr/ramloop[4].ram.r                |
| ++++++++++v2_noinit.ram        |           | 0/0           | 0/0           | 0/0           | 0/0           | 1/1       | 0/0       | 0/0   | 0/0   | Display_Controller/fifo1/BU2/U0/grf.rf/mem/gbm.gbmg.gbmga.ngecc.bmg/blk_mem_generator/valid.cstr/ramloop[4].ram.r/v2_noinit.ram  |
| +++++++++ramloop[5].ram.r      |           | 0/0           | 0/0           | 0/0           | 0/0           | 0/1       | 0/0       | 0/0   | 0/0   | Display_Controller/fifo1/BU2/U0/grf.rf/mem/gbm.gbmg.gbmga.ngecc.bmg/blk_mem_generator/valid.cstr/ramloop[5].ram.r                |
| ++++++++++v2_noinit.ram        |           | 0/0           | 0/0           | 0/0           | 0/0           | 1/1       | 0/0       | 0/0   | 0/0   | Display_Controller/fifo1/BU2/U0/grf.rf/mem/gbm.gbmg.gbmga.ngecc.bmg/blk_mem_generator/valid.cstr/ramloop[5].ram.r/v2_noinit.ram  |
| +++++++++ramloop[6].ram.r      |           | 0/0           | 0/0           | 0/0           | 0/0           | 0/1       | 0/0       | 0/0   | 0/0   | Display_Controller/fifo1/BU2/U0/grf.rf/mem/gbm.gbmg.gbmga.ngecc.bmg/blk_mem_generator/valid.cstr/ramloop[6].ram.r                |
| ++++++++++v2_noinit.ram        |           | 0/0           | 0/0           | 0/0           | 0/0           | 1/1       | 0/0       | 0/0   | 0/0   | Display_Controller/fifo1/BU2/U0/grf.rf/mem/gbm.gbmg.gbmga.ngecc.bmg/blk_mem_generator/valid.cstr/ramloop[6].ram.r/v2_noinit.ram  |
| +++++++++ramloop[7].ram.r      |           | 0/0           | 0/0           | 0/0           | 0/0           | 0/1       | 0/0       | 0/0   | 0/0   | Display_Controller/fifo1/BU2/U0/grf.rf/mem/gbm.gbmg.gbmga.ngecc.bmg/blk_mem_generator/valid.cstr/ramloop[7].ram.r                |
| ++++++++++v2_noinit.ram        |           | 0/0           | 0/0           | 0/0           | 0/0           | 1/1       | 0/0       | 0/0   | 0/0   | Display_Controller/fifo1/BU2/U0/grf.rf/mem/gbm.gbmg.gbmga.ngecc.bmg/blk_mem_generator/valid.cstr/ramloop[7].ram.r/v2_noinit.ram  |
| +++++++++ramloop[8].ram.r      |           | 0/0           | 0/0           | 0/0           | 0/0           | 0/1       | 0/0       | 0/0   | 0/0   | Display_Controller/fifo1/BU2/U0/grf.rf/mem/gbm.gbmg.gbmga.ngecc.bmg/blk_mem_generator/valid.cstr/ramloop[8].ram.r                |
| ++++++++++v2_noinit.ram        |           | 0/0           | 0/0           | 0/0           | 0/0           | 1/1       | 0/0       | 0/0   | 0/0   | Display_Controller/fifo1/BU2/U0/grf.rf/mem/gbm.gbmg.gbmga.ngecc.bmg/blk_mem_generator/valid.cstr/ramloop[8].ram.r/v2_noinit.ram  |
| +++++++++ramloop[9].ram.r      |           | 0/0           | 0/0           | 0/0           | 0/0           | 0/1       | 0/0       | 0/0   | 0/0   | Display_Controller/fifo1/BU2/U0/grf.rf/mem/gbm.gbmg.gbmga.ngecc.bmg/blk_mem_generator/valid.cstr/ramloop[9].ram.r                |
| ++++++++++v2_noinit.ram        |           | 0/0           | 0/0           | 0/0           | 0/0           | 1/1       | 0/0       | 0/0   | 0/0   | Display_Controller/fifo1/BU2/U0/grf.rf/mem/gbm.gbmg.gbmga.ngecc.bmg/blk_mem_generator/valid.cstr/ramloop[9].ram.r/v2_noinit.ram  |
| +++++rstblk                    |           | 9/9           | 11/11         | 2/2           | 0/0           | 0/0       | 0/0       | 0/0   | 0/0   | Display_Controller/fifo1/BU2/U0/grf.rf/rstblk                                                                                    |
| +vga1                          |           | 27/27         | 25/25         | 22/22         | 0/0           | 0/0       | 0/0       | 0/0   | 0/0   | Display_Controller/vga1                                                                                                          |
| +vga2                          |           | 21/21         | 9/9           | 31/31         | 0/0           | 0/0       | 0/0       | 0/0   | 0/0   | Display_Controller/vga2                                                                                                          |
| +vga3                          |           | 10/10         | 3/3           | 16/16         | 0/0           | 0/0       | 0/0       | 0/0   | 0/0   | Display_Controller/vga3                                                                                                          |
+---------------------------------------------------------------------------------------------------------------------------------------------------------------------------------------------------------------------------------------------------------------------------------------+

* Slices can be packed with basic elements from multiple hierarchies.
  Therefore, a slice will be counted in every hierarchical module
  that each of its packed basic elements belong to.
** For each column, there are two numbers reported <A>/<B>.
   <A> is the number of elements that belong to that specific hierarchical module.
   <B> is the total number of elements from that hierarchical module and any lower level
   hierarchical modules below.
*** The LUTRAM column counts all LUTs used as memory including RAM, ROM, and shift registers.
