Asterisk (*) preceding a constraint indicates it was not met.
   This may be due to a setup or hold violation.

------------------------------------------------------------------------------------------------------
  Constraint                                |  Check  | Worst Case |  Best Case | Timing |   Timing   
                                            |         |    Slack   | Achievable | Errors |    Score   
------------------------------------------------------------------------------------------------------
  Autotimespec constraint for clock net clk | SETUP   |         N/A|     4.345ns|     N/A|           0
  _BUFGP                                    | HOLD    |     1.052ns|            |       0|           0
------------------------------------------------------------------------------------------------------
  Autotimespec constraint for clock net clk | SETUP   |         N/A|     6.383ns|     N/A|           0
  1/div_clk                                 | HOLD    |     0.974ns|            |       0|           0
------------------------------------------------------------------------------------------------------
  Autotimespec constraint for clock net clk | SETUP   |         N/A|     7.431ns|     N/A|           0
  2/div_clk                                 | HOLD    |     0.813ns|            |       0|           0
------------------------------------------------------------------------------------------------------
  Autotimespec constraint for clock net vga | SETUP   |         N/A|     1.945ns|     N/A|           1
  2/count_and0000                           | HOLD    |     1.074ns|            |       0|           0
------------------------------------------------------------------------------------------------------
  Autotimespec constraint for clock net clk | SETUP   |         N/A|     5.918ns|     N/A|           0
  3/div_clk                                 | HOLD    |     1.128ns|            |       0|           0
------------------------------------------------------------------------------------------------------


1 constraint not met.
INFO:Timing:2761 - N/A entries in the Constraints list may indicate that the 
   constraint does not cover any paths or that it has no requested value.


